<?xml version="1.0" encoding="UTF-8"?>
<testng-results skipped="0" failed="0" ignored="0" total="1" passed="1">
  <reporter-output>
  </reporter-output>
  <suite name="com.leandro.restassured.example.test.FirstTest" duration-ms="2322" started-at="2019-07-01T21:00:55Z" finished-at="2019-07-01T21:00:57Z">
    <groups>
    </groups>
    <test name="Command line test" duration-ms="2322" started-at="2019-07-01T21:00:55Z" finished-at="2019-07-01T21:00:57Z">
      <class name="com.leandro.restassured.example.test.FirstTest">
        <test-method status="PASS" signature="set()[pri:0, instance:com.leandro.restassured.example.test.FirstTest@5ebec15]" name="set" is-config="true" duration-ms="261" started-at="2019-07-01T21:00:55Z" finished-at="2019-07-01T21:00:55Z">
          <reporter-output>
          </reporter-output>
        </test-method> <!-- set -->
        <test-method status="PASS" signature="test1()[pri:0, instance:com.leandro.restassured.example.test.FirstTest@5ebec15]" name="test1" duration-ms="2045" started-at="2019-07-01T21:00:55Z" finished-at="2019-07-01T21:00:57Z">
          <reporter-output>
          </reporter-output>
        </test-method> <!-- test1 -->
      </class> <!-- com.leandro.restassured.example.test.FirstTest -->
    </test> <!-- Command line test -->
  </suite> <!-- com.leandro.restassured.example.test.FirstTest -->
</testng-results>
